<?xml version="1.0" encoding="UTF-8"?>
<testng-results skipped="0" failed="0" ignored="0" total="1" passed="1">
  <reporter-output>
  </reporter-output>
  <suite name="Default suite" duration-ms="3194" started-at="2020-01-18T21:39:33Z" finished-at="2020-01-18T21:39:36Z">
    <groups>
    </groups>
    <test name="Default test" duration-ms="3194" started-at="2020-01-18T21:39:33Z" finished-at="2020-01-18T21:39:36Z">
      <class name="com.w2a.testcase.LoginTest">
        <test-method status="PASS" signature="setUp()[pri:0, instance:com.w2a.testcase.LoginTest@3159c4b8]" name="setUp" is-config="true" duration-ms="6060" started-at="2020-01-19T03:09:27Z" finished-at="2020-01-19T03:09:33Z">
          <reporter-output>
          </reporter-output>
        </test-method> <!-- setUp -->
        <test-method status="PASS" signature="LoginAsBankManager()[pri:0, instance:com.w2a.testcase.LoginTest@3159c4b8]" name="LoginAsBankManager" duration-ms="3160" started-at="2020-01-19T03:09:33Z" finished-at="2020-01-19T03:09:36Z">
          <reporter-output>
          </reporter-output>
        </test-method> <!-- LoginAsBankManager -->
        <test-method status="PASS" signature="tearDown()[pri:0, instance:com.w2a.testcase.LoginTest@3159c4b8]" name="tearDown" is-config="true" duration-ms="544" started-at="2020-01-19T03:09:36Z" finished-at="2020-01-19T03:09:36Z">
          <reporter-output>
          </reporter-output>
        </test-method> <!-- tearDown -->
      </class> <!-- com.w2a.testcase.LoginTest -->
    </test> <!-- Default test -->
  </suite> <!-- Default suite -->
</testng-results>
