<?xml version="1.0" encoding="UTF-8"?>
<testng-results skipped="0" failed="0" ignored="0" total="1" passed="1">
  <reporter-output>
  </reporter-output>
  <suite name="Suite" duration-ms="3136" started-at="2020-01-20T06:47:22Z" finished-at="2020-01-20T06:47:25Z">
    <groups>
    </groups>
    <test name="Test" duration-ms="3136" started-at="2020-01-20T06:47:22Z" finished-at="2020-01-20T06:47:25Z">
      <class name="com.w2a.testcase.LoginTest">
        <test-method status="PASS" signature="setUp()[pri:0, instance:com.w2a.testcase.LoginTest@2a17b7b6]" name="setUp" is-config="true" duration-ms="12822" started-at="2020-01-20T12:17:09Z" finished-at="2020-01-20T12:17:22Z">
          <reporter-output>
          </reporter-output>
        </test-method> <!-- setUp -->
        <test-method status="PASS" signature="LoginAsBankManager()[pri:0, instance:com.w2a.testcase.LoginTest@2a17b7b6]" name="LoginAsBankManager" duration-ms="3123" started-at="2020-01-20T12:17:22Z" finished-at="2020-01-20T12:17:25Z">
          <reporter-output>
          </reporter-output>
        </test-method> <!-- LoginAsBankManager -->
        <test-method status="PASS" signature="tearDown()[pri:0, instance:com.w2a.testcase.LoginTest@2a17b7b6]" name="tearDown" is-config="true" duration-ms="1102" started-at="2020-01-20T12:17:25Z" finished-at="2020-01-20T12:17:26Z">
          <reporter-output>
          </reporter-output>
        </test-method> <!-- tearDown -->
      </class> <!-- com.w2a.testcase.LoginTest -->
    </test> <!-- Test -->
  </suite> <!-- Suite -->
</testng-results>
